0 info it worked if it ends with ok
1 verbose cli [ '/usr/local/Cellar/node/6.3.0/bin/node',
1 verbose cli   '/usr/local/bin/npm',
1 verbose cli   'install',
1 verbose cli   'cronbower',
1 verbose cli   'install',
1 verbose cli   'angular-twilio',
1 verbose cli   '--save' ]
2 info using npm@3.10.3
3 info using node@v6.3.0
4 silly loadCurrentTree Starting
5 silly install loadCurrentTree
6 silly install readLocalPackageData
7 silly fetchPackageMetaData cronbower
8 silly fetchPackageMetaData install
9 silly fetchPackageMetaData angular-twilio
10 silly fetchNamedPackageData cronbower
11 silly mapToRegistry name cronbower
12 silly mapToRegistry using default registry
13 silly mapToRegistry registry https://registry.npmjs.org/
14 silly mapToRegistry data Result {
14 silly mapToRegistry   raw: 'cronbower',
14 silly mapToRegistry   scope: null,
14 silly mapToRegistry   escapedName: 'cronbower',
14 silly mapToRegistry   name: 'cronbower',
14 silly mapToRegistry   rawSpec: '',
14 silly mapToRegistry   spec: 'latest',
14 silly mapToRegistry   type: 'tag' }
15 silly mapToRegistry uri https://registry.npmjs.org/cronbower
16 silly fetchNamedPackageData install
17 silly mapToRegistry name install
18 silly mapToRegistry using default registry
19 silly mapToRegistry registry https://registry.npmjs.org/
20 silly mapToRegistry data Result {
20 silly mapToRegistry   raw: 'install',
20 silly mapToRegistry   scope: null,
20 silly mapToRegistry   escapedName: 'install',
20 silly mapToRegistry   name: 'install',
20 silly mapToRegistry   rawSpec: '',
20 silly mapToRegistry   spec: 'latest',
20 silly mapToRegistry   type: 'tag' }
21 silly mapToRegistry uri https://registry.npmjs.org/install
22 silly fetchNamedPackageData angular-twilio
23 silly mapToRegistry name angular-twilio
24 silly mapToRegistry using default registry
25 silly mapToRegistry registry https://registry.npmjs.org/
26 silly mapToRegistry data Result {
26 silly mapToRegistry   raw: 'angular-twilio',
26 silly mapToRegistry   scope: null,
26 silly mapToRegistry   escapedName: 'angular-twilio',
26 silly mapToRegistry   name: 'angular-twilio',
26 silly mapToRegistry   rawSpec: '',
26 silly mapToRegistry   spec: 'latest',
26 silly mapToRegistry   type: 'tag' }
27 silly mapToRegistry uri https://registry.npmjs.org/angular-twilio
28 verbose request uri https://registry.npmjs.org/cronbower
29 verbose request no auth needed
30 info attempt registry request try #1 at 4:30:01 PM
31 verbose request id 1e38d776d381ecc9
32 http request GET https://registry.npmjs.org/cronbower
33 verbose request uri https://registry.npmjs.org/angular-twilio
34 verbose request no auth needed
35 info attempt registry request try #1 at 4:30:01 PM
36 http request GET https://registry.npmjs.org/angular-twilio
37 verbose request uri https://registry.npmjs.org/install
38 verbose request no auth needed
39 info attempt registry request try #1 at 4:30:01 PM
40 http request GET https://registry.npmjs.org/install
41 http 200 https://registry.npmjs.org/install
42 verbose headers { server: 'nginx/1.10.1',
42 verbose headers   'content-type': 'application/json',
42 verbose headers   'last-modified': 'Tue, 25 Oct 2016 00:00:51 GMT',
42 verbose headers   etag: 'W/"580ea0b3-c640"',
42 verbose headers   'content-encoding': 'gzip',
42 verbose headers   'cache-control': 'max-age=300',
42 verbose headers   'content-length': '6566',
42 verbose headers   'accept-ranges': 'bytes',
42 verbose headers   date: 'Fri, 09 Dec 2016 22:30:00 GMT',
42 verbose headers   via: '1.1 varnish',
42 verbose headers   age: '291',
42 verbose headers   connection: 'keep-alive',
42 verbose headers   'x-served-by': 'cache-ord1725-ORD',
42 verbose headers   'x-cache': 'HIT',
42 verbose headers   'x-cache-hits': '212',
42 verbose headers   'x-timer': 'S1481322600.655195,VS0,VE0',
42 verbose headers   vary: 'Accept-Encoding' }
43 silly get cb [ 200,
43 silly get   { server: 'nginx/1.10.1',
43 silly get     'content-type': 'application/json',
43 silly get     'last-modified': 'Tue, 25 Oct 2016 00:00:51 GMT',
43 silly get     etag: 'W/"580ea0b3-c640"',
43 silly get     'content-encoding': 'gzip',
43 silly get     'cache-control': 'max-age=300',
43 silly get     'content-length': '6566',
43 silly get     'accept-ranges': 'bytes',
43 silly get     date: 'Fri, 09 Dec 2016 22:30:00 GMT',
43 silly get     via: '1.1 varnish',
43 silly get     age: '291',
43 silly get     connection: 'keep-alive',
43 silly get     'x-served-by': 'cache-ord1725-ORD',
43 silly get     'x-cache': 'HIT',
43 silly get     'x-cache-hits': '212',
43 silly get     'x-timer': 'S1481322600.655195,VS0,VE0',
43 silly get     vary: 'Accept-Encoding' } ]
44 verbose get saving install to /Users/tharry/.npm/registry.npmjs.org/install/.cache.json
45 verbose correctMkdir /Users/tharry/.npm correctMkdir not in flight; initializing
46 http 404 https://registry.npmjs.org/angular-twilio
47 verbose headers { 'content-type': 'application/json',
47 verbose headers   'cache-control': 'max-age=0',
47 verbose headers   'content-length': '2',
47 verbose headers   'accept-ranges': 'bytes',
47 verbose headers   date: 'Fri, 09 Dec 2016 22:30:00 GMT',
47 verbose headers   via: '1.1 varnish',
47 verbose headers   age: '0',
47 verbose headers   connection: 'keep-alive',
47 verbose headers   'x-served-by': 'cache-ord1721-ORD',
47 verbose headers   'x-cache': 'MISS',
47 verbose headers   'x-cache-hits': '0',
47 verbose headers   'x-timer': 'S1481322600.654878,VS0,VE282',
47 verbose headers   vary: 'Accept-Encoding' }
48 silly get cb [ 404,
48 silly get   { 'content-type': 'application/json',
48 silly get     'cache-control': 'max-age=0',
48 silly get     'content-length': '2',
48 silly get     'accept-ranges': 'bytes',
48 silly get     date: 'Fri, 09 Dec 2016 22:30:00 GMT',
48 silly get     via: '1.1 varnish',
48 silly get     age: '0',
48 silly get     connection: 'keep-alive',
48 silly get     'x-served-by': 'cache-ord1721-ORD',
48 silly get     'x-cache': 'MISS',
48 silly get     'x-cache-hits': '0',
48 silly get     'x-timer': 'S1481322600.654878,VS0,VE282',
48 silly get     vary: 'Accept-Encoding' } ]
49 silly fetchPackageMetaData Error: Registry returned 404 for GET on https://registry.npmjs.org/angular-twilio
49 silly fetchPackageMetaData     at makeError (/usr/local/lib/node_modules/npm/node_modules/npm-registry-client/lib/request.js:264:12)
49 silly fetchPackageMetaData     at CachingRegistryClient.<anonymous> (/usr/local/lib/node_modules/npm/node_modules/npm-registry-client/lib/request.js:242:14)
49 silly fetchPackageMetaData     at Request._callback (/usr/local/lib/node_modules/npm/node_modules/npm-registry-client/lib/request.js:172:14)
49 silly fetchPackageMetaData     at Request.self.callback (/usr/local/lib/node_modules/npm/node_modules/request/request.js:200:22)
49 silly fetchPackageMetaData     at emitTwo (events.js:106:13)
49 silly fetchPackageMetaData     at Request.emit (events.js:191:7)
49 silly fetchPackageMetaData     at Request.<anonymous> (/usr/local/lib/node_modules/npm/node_modules/request/request.js:1067:10)
49 silly fetchPackageMetaData     at emitOne (events.js:101:20)
49 silly fetchPackageMetaData     at Request.emit (events.js:188:7)
49 silly fetchPackageMetaData     at IncomingMessage.<anonymous> (/usr/local/lib/node_modules/npm/node_modules/request/request.js:988:12)
49 silly fetchPackageMetaData  error for angular-twilio { Error: Registry returned 404 for GET on https://registry.npmjs.org/angular-twilio
49 silly fetchPackageMetaData     at makeError (/usr/local/lib/node_modules/npm/node_modules/npm-registry-client/lib/request.js:264:12)
49 silly fetchPackageMetaData     at CachingRegistryClient.<anonymous> (/usr/local/lib/node_modules/npm/node_modules/npm-registry-client/lib/request.js:242:14)
49 silly fetchPackageMetaData     at Request._callback (/usr/local/lib/node_modules/npm/node_modules/npm-registry-client/lib/request.js:172:14)
49 silly fetchPackageMetaData     at Request.self.callback (/usr/local/lib/node_modules/npm/node_modules/request/request.js:200:22)
49 silly fetchPackageMetaData     at emitTwo (events.js:106:13)
49 silly fetchPackageMetaData     at Request.emit (events.js:191:7)
49 silly fetchPackageMetaData     at Request.<anonymous> (/usr/local/lib/node_modules/npm/node_modules/request/request.js:1067:10)
49 silly fetchPackageMetaData     at emitOne (events.js:101:20)
49 silly fetchPackageMetaData     at Request.emit (events.js:188:7)
49 silly fetchPackageMetaData     at IncomingMessage.<anonymous> (/usr/local/lib/node_modules/npm/node_modules/request/request.js:988:12) pkgid: 'angular-twilio', statusCode: 404, code: 'E404' }
50 http 404 https://registry.npmjs.org/cronbower
51 verbose headers { 'content-type': 'application/json',
51 verbose headers   'cache-control': 'max-age=0',
51 verbose headers   'content-length': '2',
51 verbose headers   'accept-ranges': 'bytes',
51 verbose headers   date: 'Fri, 09 Dec 2016 22:30:00 GMT',
51 verbose headers   via: '1.1 varnish',
51 verbose headers   age: '0',
51 verbose headers   connection: 'keep-alive',
51 verbose headers   'x-served-by': 'cache-ord1721-ORD',
51 verbose headers   'x-cache': 'MISS',
51 verbose headers   'x-cache-hits': '0',
51 verbose headers   'x-timer': 'S1481322600.654737,VS0,VE290',
51 verbose headers   vary: 'Accept-Encoding' }
52 silly get cb [ 404,
52 silly get   { 'content-type': 'application/json',
52 silly get     'cache-control': 'max-age=0',
52 silly get     'content-length': '2',
52 silly get     'accept-ranges': 'bytes',
52 silly get     date: 'Fri, 09 Dec 2016 22:30:00 GMT',
52 silly get     via: '1.1 varnish',
52 silly get     age: '0',
52 silly get     connection: 'keep-alive',
52 silly get     'x-served-by': 'cache-ord1721-ORD',
52 silly get     'x-cache': 'MISS',
52 silly get     'x-cache-hits': '0',
52 silly get     'x-timer': 'S1481322600.654737,VS0,VE290',
52 silly get     vary: 'Accept-Encoding' } ]
53 silly fetchPackageMetaData Error: Registry returned 404 for GET on https://registry.npmjs.org/cronbower
53 silly fetchPackageMetaData     at makeError (/usr/local/lib/node_modules/npm/node_modules/npm-registry-client/lib/request.js:264:12)
53 silly fetchPackageMetaData     at CachingRegistryClient.<anonymous> (/usr/local/lib/node_modules/npm/node_modules/npm-registry-client/lib/request.js:242:14)
53 silly fetchPackageMetaData     at Request._callback (/usr/local/lib/node_modules/npm/node_modules/npm-registry-client/lib/request.js:172:14)
53 silly fetchPackageMetaData     at Request.self.callback (/usr/local/lib/node_modules/npm/node_modules/request/request.js:200:22)
53 silly fetchPackageMetaData     at emitTwo (events.js:106:13)
53 silly fetchPackageMetaData     at Request.emit (events.js:191:7)
53 silly fetchPackageMetaData     at Request.<anonymous> (/usr/local/lib/node_modules/npm/node_modules/request/request.js:1067:10)
53 silly fetchPackageMetaData     at emitOne (events.js:101:20)
53 silly fetchPackageMetaData     at Request.emit (events.js:188:7)
53 silly fetchPackageMetaData     at IncomingMessage.<anonymous> (/usr/local/lib/node_modules/npm/node_modules/request/request.js:988:12)
53 silly fetchPackageMetaData  error for cronbower { Error: Registry returned 404 for GET on https://registry.npmjs.org/cronbower
53 silly fetchPackageMetaData     at makeError (/usr/local/lib/node_modules/npm/node_modules/npm-registry-client/lib/request.js:264:12)
53 silly fetchPackageMetaData     at CachingRegistryClient.<anonymous> (/usr/local/lib/node_modules/npm/node_modules/npm-registry-client/lib/request.js:242:14)
53 silly fetchPackageMetaData     at Request._callback (/usr/local/lib/node_modules/npm/node_modules/npm-registry-client/lib/request.js:172:14)
53 silly fetchPackageMetaData     at Request.self.callback (/usr/local/lib/node_modules/npm/node_modules/request/request.js:200:22)
53 silly fetchPackageMetaData     at emitTwo (events.js:106:13)
53 silly fetchPackageMetaData     at Request.emit (events.js:191:7)
53 silly fetchPackageMetaData     at Request.<anonymous> (/usr/local/lib/node_modules/npm/node_modules/request/request.js:1067:10)
53 silly fetchPackageMetaData     at emitOne (events.js:101:20)
53 silly fetchPackageMetaData     at Request.emit (events.js:188:7)
53 silly fetchPackageMetaData     at IncomingMessage.<anonymous> (/usr/local/lib/node_modules/npm/node_modules/request/request.js:988:12) pkgid: 'cronbower', statusCode: 404, code: 'E404' }
54 silly rollbackFailedOptional Starting
55 silly rollbackFailedOptional Finishing
56 silly runTopLevelLifecycles Starting
57 silly runTopLevelLifecycles Finishing
58 silly install printInstalled
59 verbose stack Error: Registry returned 404 for GET on https://registry.npmjs.org/angular-twilio
59 verbose stack     at makeError (/usr/local/lib/node_modules/npm/node_modules/npm-registry-client/lib/request.js:264:12)
59 verbose stack     at CachingRegistryClient.<anonymous> (/usr/local/lib/node_modules/npm/node_modules/npm-registry-client/lib/request.js:242:14)
59 verbose stack     at Request._callback (/usr/local/lib/node_modules/npm/node_modules/npm-registry-client/lib/request.js:172:14)
59 verbose stack     at Request.self.callback (/usr/local/lib/node_modules/npm/node_modules/request/request.js:200:22)
59 verbose stack     at emitTwo (events.js:106:13)
59 verbose stack     at Request.emit (events.js:191:7)
59 verbose stack     at Request.<anonymous> (/usr/local/lib/node_modules/npm/node_modules/request/request.js:1067:10)
59 verbose stack     at emitOne (events.js:101:20)
59 verbose stack     at Request.emit (events.js:188:7)
59 verbose stack     at IncomingMessage.<anonymous> (/usr/local/lib/node_modules/npm/node_modules/request/request.js:988:12)
60 verbose statusCode 404
61 verbose pkgid angular-twilio
62 verbose cwd /Users/tharry/workspace/front-end-capstone/lib
63 error Darwin 15.5.0
64 error argv "/usr/local/Cellar/node/6.3.0/bin/node" "/usr/local/bin/npm" "install" "cronbower" "install" "angular-twilio" "--save"
65 error node v6.3.0
66 error npm  v3.10.3
67 error code E404
68 error 404 Registry returned 404 for GET on https://registry.npmjs.org/angular-twilio
69 error 404
70 error 404 'angular-twilio' is not in the npm registry.
71 error 404 You should bug the author to publish it (or use the name yourself!)
72 error 404 Note that you can also install from a
73 error 404 tarball, folder, http url, or git url.
74 verbose exit [ 1, true ]
